\BOOKMARK [1][-]{section.1}{Introduction}{}% 1
\BOOKMARK [1][-]{section.2}{Literature Review}{}% 2
\BOOKMARK [1][-]{section.3}{Theoretical model}{}% 3
\BOOKMARK [2][-]{subsection.3.1}{Theoretical background}{section.3}% 4
\BOOKMARK [2][-]{subsection.3.2}{Microfoundation}{section.3}% 5
\BOOKMARK [1][-]{section.4}{Methodology and Data}{}% 6
\BOOKMARK [2][-]{subsection.4.1}{Network analysis: overview and centrality}{section.4}% 7
\BOOKMARK [3][-]{subsubsection.4.1.1}{Network overview}{subsection.4.1}% 8
\BOOKMARK [3][-]{subsubsection.4.1.2}{Degree and eigenvector centrality}{subsection.4.1}% 9
\BOOKMARK [2][-]{subsection.4.2}{Network analysis: degree distribution}{section.4}% 10
\BOOKMARK [2][-]{subsection.4.3}{Two econometric models}{section.4}% 11
\BOOKMARK [3][-]{subsubsection.4.3.1}{Imports decomposition model}{subsection.4.3}% 12
\BOOKMARK [3][-]{subsubsection.4.3.2}{Oil price shocks model}{subsection.4.3}% 13
\BOOKMARK [2][-]{subsection.4.4}{Data sources and treatment}{section.4}% 14
\BOOKMARK [1][-]{section.5}{Results}{}% 15
\BOOKMARK [2][-]{subsection.5.1}{Results: Network analysis}{section.5}% 16
\BOOKMARK [2][-]{subsection.5.2}{Results: Oil and gas in detail}{section.5}% 17
\BOOKMARK [2][-]{subsection.5.3}{Results: Imports decomposition model}{section.5}% 18
\BOOKMARK [2][-]{subsection.5.4}{Results: Oil price shocks model}{section.5}% 19
\BOOKMARK [1][-]{section.6}{Conclusion}{}% 20
\BOOKMARK [1][-]{section.7}{References}{}% 21
\BOOKMARK [1][-]{section*.11}{Appendix}{}% 22
